<?xml version="1.0" encoding="UTF-8"?>
<testsuites>
    <testsuite name="edit-data-transaksi;kasir-edit-data-transaksi" tests="10" failures="0" skipped="0">
        <properties>
            <property name="@success" value="true">
            </property>
            <property name="URI" value="D:/(( KULIAH ))/SEMESTER 8/(PMPL) Penjaminan Mutu Perangkat Lunak/Workshop()/features/editData.feature">
            </property>
        </properties>
        <testcase name="Given kasir edit data" classname="edit-data-transaksi;kasir-edit-data-transaksi" time="0.000496896">
        </testcase>
        <testcase name="And kasir buka halaman transaksi untuk edit" classname="edit-data-transaksi;kasir-edit-data-transaksi" time="0.000912235">
        </testcase>
        <testcase name="And kasir klik menu forms untuk edit" classname="edit-data-transaksi;kasir-edit-data-transaksi" time="0.000203894">
        </testcase>
        <testcase name="When kasir klik kelola penjualan untuk edit" classname="edit-data-transaksi;kasir-edit-data-transaksi" time="0.000225038">
        </testcase>
        <testcase name="Then kasir melihat data transaksi" classname="edit-data-transaksi;kasir-edit-data-transaksi" time="0.000413073">
        </testcase>
        <testcase name="And kasir memilih data transaksi" classname="edit-data-transaksi;kasir-edit-data-transaksi" time="0.000185769">
        </testcase>
        <testcase name="And kasir edit total penjualan" classname="edit-data-transaksi;kasir-edit-data-transaksi" time="0.000206159">
        </testcase>
        <testcase name="And kasir edit total laba untuk" classname="edit-data-transaksi;kasir-edit-data-transaksi" time="0.000133286">
        </testcase>
        <testcase name="When kasir klik update penjualan" classname="edit-data-transaksi;kasir-edit-data-transaksi" time="0.000123469">
        </testcase>
        <testcase name="Then data berhasil diedit" classname="edit-data-transaksi;kasir-edit-data-transaksi" time="0.00044328">
        </testcase>
    </testsuite>
    <testsuite name="hapus-data-transaksi;kasir-hapus-data-transaksi" tests="8" failures="0" skipped="0">
        <properties>
            <property name="@success" value="true">
            </property>
            <property name="URI" value="D:/(( KULIAH ))/SEMESTER 8/(PMPL) Penjaminan Mutu Perangkat Lunak/Workshop()/features/hapusData.feature">
            </property>
        </properties>
        <testcase name="Given kasir hapus data" classname="hapus-data-transaksi;kasir-hapus-data-transaksi" time="0.000076649">
        </testcase>
        <testcase name="And kasir buka halaman transaksi untuk hapus data" classname="hapus-data-transaksi;kasir-hapus-data-transaksi" time="0.000302065">
        </testcase>
        <testcase name="And kasir klik menu forms untuk hapus data" classname="hapus-data-transaksi;kasir-hapus-data-transaksi" time="0.00017784">
        </testcase>
        <testcase name="When kasir klik kelola penjualan untuk hapus data" classname="hapus-data-transaksi;kasir-hapus-data-transaksi" time="0.000167646">
        </testcase>
        <testcase name="Then kasir melihat daftar data transaksi" classname="hapus-data-transaksi;kasir-hapus-data-transaksi" time="0.000213333">
        </testcase>
        <testcase name="And kasir memilih data transaksi untuk dihapus" classname="hapus-data-transaksi;kasir-hapus-data-transaksi" time="0.000278654">
        </testcase>
        <testcase name="When kasir klik delete" classname="hapus-data-transaksi;kasir-hapus-data-transaksi" time="0.000166136">
        </testcase>
        <testcase name="Then data berhasil dihapus" classname="hapus-data-transaksi;kasir-hapus-data-transaksi" time="0.000334914">
        </testcase>
    </testsuite>
    <testsuite name="input-data-transaksi;kasir-input-data-transaksi" tests="9" failures="0" skipped="0">
        <properties>
            <property name="@success" value="true">
            </property>
            <property name="URI" value="D:/(( KULIAH ))/SEMESTER 8/(PMPL) Penjaminan Mutu Perangkat Lunak/Workshop()/features/inputDataTransaksi.feature">
            </property>
        </properties>
        <testcase name="Given kasir input data" classname="input-data-transaksi;kasir-input-data-transaksi" time="0.000160472">
        </testcase>
        <testcase name="And kasir buka halaman transaksi" classname="input-data-transaksi;kasir-input-data-transaksi" time="0.000392307">
        </testcase>
        <testcase name="And kasir klik menu forms" classname="input-data-transaksi;kasir-input-data-transaksi" time="0.000190301">
        </testcase>
        <testcase name="When kasir klik kelola penjualan" classname="input-data-transaksi;kasir-input-data-transaksi" time="0.000156696">
        </testcase>
        <testcase name="Then kasir membuka kelola penjualan" classname="input-data-transaksi;kasir-input-data-transaksi" time="0.000326985">
        </testcase>
        <testcase name="And kasir masukkan total penjualan" classname="input-data-transaksi;kasir-input-data-transaksi" time="0.000171044">
        </testcase>
        <testcase name="And kasir masukkan total laba" classname="input-data-transaksi;kasir-input-data-transaksi" time="0.000164626">
        </testcase>
        <testcase name="When kasir klik add category" classname="input-data-transaksi;kasir-input-data-transaksi" time="0.000150654">
        </testcase>
        <testcase name="Then data berhasil masuk" classname="input-data-transaksi;kasir-input-data-transaksi" time="0.000320944">
        </testcase>
    </testsuite>
    <testsuite name="input-data-pengguna;admin-input-data-pengguna" tests="10" failures="0" skipped="0">
        <properties>
            <property name="@success" value="true">
            </property>
            <property name="URI" value="D:/(( KULIAH ))/SEMESTER 8/(PMPL) Penjaminan Mutu Perangkat Lunak/Workshop()/features/inputDataUser.feature">
            </property>
        </properties>
        <testcase name="Given admin login" classname="input-data-pengguna;admin-input-data-pengguna" time="0.000144991">
        </testcase>
        <testcase name="And admin membuka halaman login" classname="input-data-pengguna;admin-input-data-pengguna" time="0.000317168">
        </testcase>
        <testcase name="And admin memasukkan username" classname="input-data-pengguna;admin-input-data-pengguna" time="0.000253734">
        </testcase>
        <testcase name="And admin memasukkan password" classname="input-data-pengguna;admin-input-data-pengguna" time="0.000233723">
        </testcase>
        <testcase name="When admin click login" classname="input-data-pengguna;admin-input-data-pengguna" time="0.000171799">
        </testcase>
        <testcase name="Then admin masuk ke dashboard" classname="input-data-pengguna;admin-input-data-pengguna" time="0.000400614">
        </testcase>
        <testcase name="When admin click menu" classname="input-data-pengguna;admin-input-data-pengguna" time="0.000166891">
        </testcase>
        <testcase name="Then admin membuka halaman kelola pengguna" classname="input-data-pengguna;admin-input-data-pengguna" time="0.000347752">
        </testcase>
        <testcase name="And admin input pengguna" classname="input-data-pengguna;admin-input-data-pengguna" time="0.00019974">
        </testcase>
        <testcase name="Then data pengguna berhasil diinput" classname="input-data-pengguna;admin-input-data-pengguna" time="0.000281297">
        </testcase>
    </testsuite>
    <testsuite name="input-data-varchar;kasir-input-data-varchar" tests="9" failures="0" skipped="0">
        <properties>
            <property name="@success" value="true">
            </property>
            <property name="URI" value="D:/(( KULIAH ))/SEMESTER 8/(PMPL) Penjaminan Mutu Perangkat Lunak/Workshop()/features/inputDataVarchar.feature">
            </property>
        </properties>
        <testcase name="Given kasir input data varchar" classname="input-data-varchar;kasir-input-data-varchar" time="0.000104589">
        </testcase>
        <testcase name="And kasir buka halaman transaksi v" classname="input-data-varchar;kasir-input-data-varchar" time="0.000353794">
        </testcase>
        <testcase name="And kasir klik menu forms v" classname="input-data-varchar;kasir-input-data-varchar" time="0.000217109">
        </testcase>
        <testcase name="When kasir klik kelola penjualan v" classname="input-data-varchar;kasir-input-data-varchar" time="0.000170289">
        </testcase>
        <testcase name="Then kasir membuka kelola penjualan v" classname="input-data-varchar;kasir-input-data-varchar" time="0.0003621">
        </testcase>
        <testcase name="And kasir masukkan total penjualan varchar" classname="input-data-varchar;kasir-input-data-varchar" time="0.000188791">
        </testcase>
        <testcase name="And kasir masukkan total laba varchar" classname="input-data-varchar;kasir-input-data-varchar" time="0.000196342">
        </testcase>
        <testcase name="When kasir klik add category v" classname="input-data-varchar;kasir-input-data-varchar" time="0.0001903">
        </testcase>
        <testcase name="Then data masuk bernilai 0" classname="input-data-varchar;kasir-input-data-varchar" time="0.000430442">
        </testcase>
    </testsuite>
    <testsuite name="login;user-kasir-login" tests="6" failures="0" skipped="0">
        <properties>
            <property name="@success" value="true">
            </property>
            <property name="URI" value="D:/(( KULIAH ))/SEMESTER 8/(PMPL) Penjaminan Mutu Perangkat Lunak/Workshop()/features/login.feature">
            </property>
        </properties>
        <testcase name="Given kasir login" classname="login;user-kasir-login" time="0.000245805">
        </testcase>
        <testcase name="And user membuka halaman login" classname="login;user-kasir-login" time="0.000304708">
        </testcase>
        <testcase name="And user memasukkan username" classname="login;user-kasir-login" time="0.000163493">
        </testcase>
        <testcase name="And user memasukkan password" classname="login;user-kasir-login" time="0.000249959">
        </testcase>
        <testcase name="When user klik login" classname="login;user-kasir-login" time="0.000234856">
        </testcase>
        <testcase name="Then user masuk" classname="login;user-kasir-login" time="0.000287716">
        </testcase>
    </testsuite>
    <testsuite name="login-gagal;user-gagal-login" tests="6" failures="0" skipped="0">
        <properties>
            <property name="@success" value="true">
            </property>
            <property name="URI" value="D:/(( KULIAH ))/SEMESTER 8/(PMPL) Penjaminan Mutu Perangkat Lunak/Workshop()/features/loginFailed.feature">
            </property>
        </properties>
        <testcase name="Given gagal login" classname="login-gagal;user-gagal-login" time="0.000260908">
        </testcase>
        <testcase name="And membuka halaman login" classname="login-gagal;user-gagal-login" time="0.000330006">
        </testcase>
        <testcase name="And memasukkan username" classname="login-gagal;user-gagal-login" time="0.000216354">
        </testcase>
        <testcase name="And memasukkan password" classname="login-gagal;user-gagal-login" time="0.000205026">
        </testcase>
        <testcase name="When klik login" classname="login-gagal;user-gagal-login" time="0.000192566">
        </testcase>
        <testcase name="Then gagal masuk" classname="login-gagal;user-gagal-login" time="0.000462914">
        </testcase>
    </testsuite>
</testsuites>