<?xml version="1.0" encoding="UTF-8"?>
<testsuites>
    <testsuite name="edit-data-transaksi;kasir-edit-data-transaksi" tests="10" failures="0" skipped="0">
        <properties>
            <property name="@success" value="true">
            </property>
            <property name="URI" value="D:/(( KULIAH ))/SEMESTER 8/(PMPL) Penjaminan Mutu Perangkat Lunak/Workshop()/features/editData.feature">
            </property>
        </properties>
        <testcase name="Given kasir edit data" classname="edit-data-transaksi;kasir-edit-data-transaksi" time="0.000718159">
        </testcase>
        <testcase name="And kasir buka halaman transaksi untuk edit" classname="edit-data-transaksi;kasir-edit-data-transaksi" time="0.000763846">
        </testcase>
        <testcase name="And kasir klik menu forms untuk edit" classname="edit-data-transaksi;kasir-edit-data-transaksi" time="0.000271858">
        </testcase>
        <testcase name="When kasir klik kelola penjualan untuk edit" classname="edit-data-transaksi;kasir-edit-data-transaksi" time="0.00023712">
        </testcase>
        <testcase name="Then kasir melihat data transaksi" classname="edit-data-transaksi;kasir-edit-data-transaksi" time="0.000425156">
        </testcase>
        <testcase name="And kasir memilih data transaksi" classname="edit-data-transaksi;kasir-edit-data-transaksi" time="0.000525215">
        </testcase>
        <testcase name="And kasir edit total penjualan" classname="edit-data-transaksi;kasir-edit-data-transaksi" time="0.000186525">
        </testcase>
        <testcase name="And kasir edit total laba untuk" classname="edit-data-transaksi;kasir-edit-data-transaksi" time="0.000243162">
        </testcase>
        <testcase name="When kasir klik update penjualan" classname="edit-data-transaksi;kasir-edit-data-transaksi" time="0.000239386">
        </testcase>
        <testcase name="Then data berhasil diedit" classname="edit-data-transaksi;kasir-edit-data-transaksi" time="0.000298289">
        </testcase>
    </testsuite>
    <testsuite name="hapus-data-transaksi;kasir-hapus-data-transaksi" tests="8" failures="0" skipped="0">
        <properties>
            <property name="@success" value="true">
            </property>
            <property name="URI" value="D:/(( KULIAH ))/SEMESTER 8/(PMPL) Penjaminan Mutu Perangkat Lunak/Workshop()/features/hapusData.feature">
            </property>
        </properties>
        <testcase name="Given kasir hapus data" classname="hapus-data-transaksi;kasir-hapus-data-transaksi" time="0.000102701">
        </testcase>
        <testcase name="And kasir buka halaman transaksi untuk hapus data" classname="hapus-data-transaksi;kasir-hapus-data-transaksi" time="0.000281298">
        </testcase>
        <testcase name="And kasir klik menu forms untuk hapus data" classname="hapus-data-transaksi;kasir-hapus-data-transaksi" time="0.000124224">
        </testcase>
        <testcase name="When kasir klik kelola penjualan untuk hapus data" classname="hapus-data-transaksi;kasir-hapus-data-transaksi" time="0.000151033">
        </testcase>
        <testcase name="Then kasir melihat daftar data transaksi" classname="hapus-data-transaksi;kasir-hapus-data-transaksi" time="0.00024656">
        </testcase>
        <testcase name="And kasir memilih data transaksi untuk dihapus" classname="hapus-data-transaksi;kasir-hapus-data-transaksi" time="0.000189546">
        </testcase>
        <testcase name="When kasir klik delete" classname="hapus-data-transaksi;kasir-hapus-data-transaksi" time="0.000729486">
        </testcase>
        <testcase name="Then data berhasil dihapus" classname="hapus-data-transaksi;kasir-hapus-data-transaksi" time="0.000601486">
        </testcase>
    </testsuite>
    <testsuite name="input-data-transaksi;kasir-input-data-transaksi" tests="9" failures="0" skipped="0">
        <properties>
            <property name="@success" value="true">
            </property>
            <property name="URI" value="D:/(( KULIAH ))/SEMESTER 8/(PMPL) Penjaminan Mutu Perangkat Lunak/Workshop()/features/inputDataTransaksi.feature">
            </property>
        </properties>
        <testcase name="Given kasir input data" classname="input-data-transaksi;kasir-input-data-transaksi" time="0.000178596">
        </testcase>
        <testcase name="And kasir buka halaman transaksi" classname="input-data-transaksi;kasir-input-data-transaksi" time="0.000462536">
        </testcase>
        <testcase name="And kasir klik menu forms" classname="input-data-transaksi;kasir-input-data-transaksi" time="0.000139327">
        </testcase>
        <testcase name="When kasir klik kelola penjualan" classname="input-data-transaksi;kasir-input-data-transaksi" time="0.000178218">
        </testcase>
        <testcase name="Then kasir membuka kelola penjualan" classname="input-data-transaksi;kasir-input-data-transaksi" time="0.000360212">
        </testcase>
        <testcase name="And kasir masukkan total penjualan" classname="input-data-transaksi;kasir-input-data-transaksi" time="0.000154808">
        </testcase>
        <testcase name="And kasir masukkan total laba" classname="input-data-transaksi;kasir-input-data-transaksi" time="0.000206536">
        </testcase>
        <testcase name="When kasir klik add category" classname="input-data-transaksi;kasir-input-data-transaksi" time="0.000158584">
        </testcase>
        <testcase name="Then data berhasil masuk" classname="input-data-transaksi;kasir-input-data-transaksi" time="0.000367008">
        </testcase>
    </testsuite>
    <testsuite name="input-data-pengguna;admin-input-data-pengguna" tests="10" failures="0" skipped="0">
        <properties>
            <property name="@success" value="true">
            </property>
            <property name="URI" value="D:/(( KULIAH ))/SEMESTER 8/(PMPL) Penjaminan Mutu Perangkat Lunak/Workshop()/features/inputDataUser.feature">
            </property>
        </properties>
        <testcase name="Given admin login" classname="input-data-pengguna;admin-input-data-pengguna" time="0.000084578">
        </testcase>
        <testcase name="And admin membuka halaman login" classname="input-data-pengguna;admin-input-data-pengguna" time="0.000241274">
        </testcase>
        <testcase name="And admin memasukkan username" classname="input-data-pengguna;admin-input-data-pengguna" time="0.000124224">
        </testcase>
        <testcase name="And admin memasukkan password" classname="input-data-pengguna;admin-input-data-pengguna" time="0.000143103">
        </testcase>
        <testcase name="When admin click login" classname="input-data-pengguna;admin-input-data-pengguna" time="0.0002122">
        </testcase>
        <testcase name="Then admin masuk ke dashboard" classname="input-data-pengguna;admin-input-data-pengguna" time="0.000399858">
        </testcase>
        <testcase name="When admin click menu" classname="input-data-pengguna;admin-input-data-pengguna" time="0.000211445">
        </testcase>
        <testcase name="Then admin membuka halaman kelola pengguna" classname="input-data-pengguna;admin-input-data-pengguna" time="0.000932247">
        </testcase>
        <testcase name="And admin input pengguna" classname="input-data-pengguna;admin-input-data-pengguna" time="0.000411563">
        </testcase>
        <testcase name="Then data pengguna berhasil diinput" classname="input-data-pengguna;admin-input-data-pengguna" time="0.000634714">
        </testcase>
    </testsuite>
    <testsuite name="input-data-varchar;kasir-input-data-varchar" tests="9" failures="0" skipped="0">
        <properties>
            <property name="@success" value="true">
            </property>
            <property name="URI" value="D:/(( KULIAH ))/SEMESTER 8/(PMPL) Penjaminan Mutu Perangkat Lunak/Workshop()/features/inputDataVarchar.feature">
            </property>
        </properties>
        <testcase name="Given kasir input data varchar" classname="input-data-varchar;kasir-input-data-varchar" time="0.000103457">
        </testcase>
        <testcase name="And kasir buka halaman transaksi v" classname="input-data-varchar;kasir-input-data-varchar" time="0.000337557">
        </testcase>
        <testcase name="And kasir klik menu forms v" classname="input-data-varchar;kasir-input-data-varchar" time="0.000184637">
        </testcase>
        <testcase name="When kasir klik kelola penjualan v" classname="input-data-varchar;kasir-input-data-varchar" time="0.000789899">
        </testcase>
        <testcase name="Then kasir membuka kelola penjualan v" classname="input-data-varchar;kasir-input-data-varchar" time="0.000514265">
        </testcase>
        <testcase name="And kasir masukkan total penjualan varchar" classname="input-data-varchar;kasir-input-data-varchar" time="0.000276011">
        </testcase>
        <testcase name="And kasir masukkan total laba varchar" classname="input-data-varchar;kasir-input-data-varchar" time="0.000204649">
        </testcase>
        <testcase name="When kasir klik add category v" classname="input-data-varchar;kasir-input-data-varchar" time="0.000251846">
        </testcase>
        <testcase name="Then data masuk bernilai 0" classname="input-data-varchar;kasir-input-data-varchar" time="0.000440259">
        </testcase>
    </testsuite>
    <testsuite name="login;user-kasir-login" tests="6" failures="0" skipped="0">
        <properties>
            <property name="@success" value="true">
            </property>
            <property name="URI" value="D:/(( KULIAH ))/SEMESTER 8/(PMPL) Penjaminan Mutu Perangkat Lunak/Workshop()/features/login.feature">
            </property>
        </properties>
        <testcase name="Given kasir login" classname="login;user-kasir-login" time="0.000231457">
        </testcase>
        <testcase name="And user membuka halaman login" classname="login;user-kasir-login" time="0.000313769">
        </testcase>
        <testcase name="And user memasukkan username" classname="login;user-kasir-login" time="0.000261286">
        </testcase>
        <testcase name="And user memasukkan password" classname="login;user-kasir-login" time="0.000241651">
        </testcase>
        <testcase name="When user klik login" classname="login;user-kasir-login" time="0.000221262">
        </testcase>
        <testcase name="Then user masuk" classname="login;user-kasir-login" time="0.000423645">
        </testcase>
    </testsuite>
    <testsuite name="login-gagal;user-gagal-login" tests="6" failures="0" skipped="0">
        <properties>
            <property name="@success" value="true">
            </property>
            <property name="URI" value="D:/(( KULIAH ))/SEMESTER 8/(PMPL) Penjaminan Mutu Perangkat Lunak/Workshop()/features/loginFailed.feature">
            </property>
        </properties>
        <testcase name="Given gagal login" classname="login-gagal;user-gagal-login" time="0.000288472">
        </testcase>
        <testcase name="And membuka halaman login" classname="login-gagal;user-gagal-login" time="0.000272236">
        </testcase>
        <testcase name="And memasukkan username" classname="login-gagal;user-gagal-login" time="0.000138194">
        </testcase>
        <testcase name="And memasukkan password" classname="login-gagal;user-gagal-login" time="0.000123469">
        </testcase>
        <testcase name="When klik login" classname="login-gagal;user-gagal-login" time="0.00015292">
        </testcase>
        <testcase name="Then gagal masuk" classname="login-gagal;user-gagal-login" time="0.000534277">
        </testcase>
    </testsuite>
</testsuites>