<?xml version="1.0" encoding="UTF-8"?>
<testsuites>
    <testsuite name="input-data-transaksi;kasir-input-data-transaksi" tests="8" failures="0" skipped="2">
        <properties>
            <property name="@success" value="true">
            </property>
            <property name="URI" value="D:/(( KULIAH ))/SEMESTER 8/(PMPL) Penjaminan Mutu Perangkat Lunak/Workshop()/features/inputDataTransaksi.feature">
            </property>
        </properties>
        <testcase name="Given kasir input data" classname="input-data-transaksi;kasir-input-data-transaksi" time="0.000420248">
        </testcase>
        <testcase name="And kasir buka halaman transaksi" classname="input-data-transaksi;kasir-input-data-transaksi" time="0.000381735">
        </testcase>
        <testcase name="And kasir klik menu forms" classname="input-data-transaksi;kasir-input-data-transaksi" time="0.000200118">
        </testcase>
        <testcase name="When kasir klik kelola penjualan" classname="input-data-transaksi;kasir-input-data-transaksi" time="0.000156319">
        </testcase>
        <testcase name="Then kasir masukkan total penjualan" classname="input-data-transaksi;kasir-input-data-transaksi" time="0.000251847">
        </testcase>
        <testcase name="And kasir masukkan total laba" classname="input-data-transaksi;kasir-input-data-transaksi" time="0.000225038">
        </testcase>
        <testcase name="When kasir klik add category" classname="input-data-transaksi;kasir-input-data-transaksi">
            <skipped message="">
            </skipped>
        </testcase>
        <testcase name="Then data berhasil masuk" classname="input-data-transaksi;kasir-input-data-transaksi">
            <skipped message="">
            </skipped>
        </testcase>
    </testsuite>
    <testsuite name="login;user-kasir-login" tests="6" failures="0" skipped="0">
        <properties>
            <property name="@success" value="true">
            </property>
            <property name="URI" value="D:/(( KULIAH ))/SEMESTER 8/(PMPL) Penjaminan Mutu Perangkat Lunak/Workshop()/features/login.feature">
            </property>
        </properties>
        <testcase name="Given kasir login" classname="login;user-kasir-login" time="0.00035908">
        </testcase>
        <testcase name="And user membuka halaman login" classname="login;user-kasir-login" time="0.000213711">
        </testcase>
        <testcase name="And user memasukkan username" classname="login;user-kasir-login" time="0.000214844">
        </testcase>
        <testcase name="And user memasukkan password" classname="login;user-kasir-login" time="0.000222772">
        </testcase>
        <testcase name="When user klik login" classname="login;user-kasir-login" time="0.000193322">
        </testcase>
        <testcase name="Then user masuk" classname="login;user-kasir-login" time="0.000466313">
        </testcase>
    </testsuite>
</testsuites>