<?xml version="1.0" encoding="UTF-8"?>
<testsuites>
    <testsuite name="edit-data-transaksi;kasir-edit-data-transaksi" tests="10" failures="0" skipped="0">
        <properties>
            <property name="@success" value="true">
            </property>
            <property name="URI" value="D:/(( KULIAH ))/SEMESTER 8/(PMPL) Penjaminan Mutu Perangkat Lunak/Workshop()/features/editData.feature">
            </property>
        </properties>
        <testcase name="Given kasir edit data" classname="edit-data-transaksi;kasir-edit-data-transaksi" time="0.000761202">
        </testcase>
        <testcase name="And kasir buka halaman transaksi untuk edit" classname="edit-data-transaksi;kasir-edit-data-transaksi" time="0.001114241">
        </testcase>
        <testcase name="And kasir klik menu forms untuk edit" classname="edit-data-transaksi;kasir-edit-data-transaksi" time="0.000458383">
        </testcase>
        <testcase name="When kasir klik kelola penjualan untuk edit" classname="edit-data-transaksi;kasir-edit-data-transaksi" time="0.000262418">
        </testcase>
        <testcase name="Then kasir melihat data transaksi" classname="edit-data-transaksi;kasir-edit-data-transaksi" time="0.000414962">
        </testcase>
        <testcase name="And kasir memilih data transaksi" classname="edit-data-transaksi;kasir-edit-data-transaksi" time="0.000195965">
        </testcase>
        <testcase name="And kasir edit total penjualan" classname="edit-data-transaksi;kasir-edit-data-transaksi" time="0.00018577">
        </testcase>
        <testcase name="And kasir edit total laba untuk" classname="edit-data-transaksi;kasir-edit-data-transaksi" time="0.00018426">
        </testcase>
        <testcase name="When kasir klik update penjualan" classname="edit-data-transaksi;kasir-edit-data-transaksi" time="0.000206915">
        </testcase>
        <testcase name="Then data berhasil diedit" classname="edit-data-transaksi;kasir-edit-data-transaksi" time="0.000681156">
        </testcase>
    </testsuite>
    <testsuite name="hapus-data-transaksi;kasir-hapus-data-transaksi" tests="8" failures="0" skipped="0">
        <properties>
            <property name="@success" value="true">
            </property>
            <property name="URI" value="D:/(( KULIAH ))/SEMESTER 8/(PMPL) Penjaminan Mutu Perangkat Lunak/Workshop()/features/hapusData.feature">
            </property>
        </properties>
        <testcase name="Given kasir hapus data" classname="hapus-data-transaksi;kasir-hapus-data-transaksi" time="0.000068343">
        </testcase>
        <testcase name="And kasir buka halaman transaksi untuk hapus data" classname="hapus-data-transaksi;kasir-hapus-data-transaksi" time="0.000226171">
        </testcase>
        <testcase name="And kasir klik menu forms untuk hapus data" classname="hapus-data-transaksi;kasir-hapus-data-transaksi" time="0.000146502">
        </testcase>
        <testcase name="When kasir klik kelola penjualan untuk hapus data" classname="hapus-data-transaksi;kasir-hapus-data-transaksi" time="0.000101192">
        </testcase>
        <testcase name="Then kasir melihat daftar data transaksi" classname="hapus-data-transaksi;kasir-hapus-data-transaksi" time="0.000214088">
        </testcase>
        <testcase name="And kasir memilih data transaksi untuk dihapus" classname="hapus-data-transaksi;kasir-hapus-data-transaksi" time="0.00018728">
        </testcase>
        <testcase name="When kasir klik delete" classname="hapus-data-transaksi;kasir-hapus-data-transaksi" time="0.000178218">
        </testcase>
        <testcase name="Then data berhasil dihapus" classname="hapus-data-transaksi;kasir-hapus-data-transaksi" time="0.000219375">
        </testcase>
    </testsuite>
    <testsuite name="input-data-transaksi;kasir-input-data-transaksi" tests="9" failures="0" skipped="0">
        <properties>
            <property name="@success" value="true">
            </property>
            <property name="URI" value="D:/(( KULIAH ))/SEMESTER 8/(PMPL) Penjaminan Mutu Perangkat Lunak/Workshop()/features/inputDataTransaksi.feature">
            </property>
        </properties>
        <testcase name="Given kasir input data" classname="input-data-transaksi;kasir-input-data-transaksi" time="0.000149145">
        </testcase>
        <testcase name="And kasir buka halaman transaksi" classname="input-data-transaksi;kasir-input-data-transaksi" time="0.000437994">
        </testcase>
        <testcase name="And kasir klik menu forms" classname="input-data-transaksi;kasir-input-data-transaksi" time="0.000218619">
        </testcase>
        <testcase name="When kasir klik kelola penjualan" classname="input-data-transaksi;kasir-input-data-transaksi" time="0.000165758">
        </testcase>
        <testcase name="Then kasir membuka kelola penjualan" classname="input-data-transaksi;kasir-input-data-transaksi" time="0.000238631">
        </testcase>
        <testcase name="And kasir masukkan total penjualan" classname="input-data-transaksi;kasir-input-data-transaksi" time="0.000151033">
        </testcase>
        <testcase name="And kasir masukkan total laba" classname="input-data-transaksi;kasir-input-data-transaksi" time="0.000461404">
        </testcase>
        <testcase name="When kasir klik add category" classname="input-data-transaksi;kasir-input-data-transaksi" time="0.000239009">
        </testcase>
        <testcase name="Then data berhasil masuk" classname="input-data-transaksi;kasir-input-data-transaksi" time="0.000337935">
        </testcase>
    </testsuite>
    <testsuite name="input-data-varchar;kasir-input-data-varchar" tests="9" failures="0" skipped="0">
        <properties>
            <property name="@success" value="true">
            </property>
            <property name="URI" value="D:/(( KULIAH ))/SEMESTER 8/(PMPL) Penjaminan Mutu Perangkat Lunak/Workshop()/features/inputDataVarchar.feature">
            </property>
        </properties>
        <testcase name="Given kasir input data varchar" classname="input-data-varchar;kasir-input-data-varchar" time="0.000080425">
        </testcase>
        <testcase name="And kasir buka halaman transaksi v" classname="input-data-varchar;kasir-input-data-varchar" time="0.000351527">
        </testcase>
        <testcase name="And kasir klik menu forms v" classname="input-data-varchar;kasir-input-data-varchar" time="0.000225794">
        </testcase>
        <testcase name="When kasir klik kelola penjualan v" classname="input-data-varchar;kasir-input-data-varchar" time="0.000215976">
        </testcase>
        <testcase name="Then kasir membuka kelola penjualan v" classname="input-data-varchar;kasir-input-data-varchar" time="0.000245428">
        </testcase>
        <testcase name="And kasir masukkan total penjualan varchar" classname="input-data-varchar;kasir-input-data-varchar" time="0.000119315">
        </testcase>
        <testcase name="And kasir masukkan total laba varchar" classname="input-data-varchar;kasir-input-data-varchar" time="0.000178973">
        </testcase>
        <testcase name="When kasir klik add category v" classname="input-data-varchar;kasir-input-data-varchar" time="0.000193321">
        </testcase>
        <testcase name="Then data masuk bernilai 0" classname="input-data-varchar;kasir-input-data-varchar" time="0.000335292">
        </testcase>
    </testsuite>
    <testsuite name="login;user-kasir-login" tests="6" failures="0" skipped="0">
        <properties>
            <property name="@success" value="true">
            </property>
            <property name="URI" value="D:/(( KULIAH ))/SEMESTER 8/(PMPL) Penjaminan Mutu Perangkat Lunak/Workshop()/features/login.feature">
            </property>
        </properties>
        <testcase name="Given kasir login" classname="login;user-kasir-login" time="0.000251091">
        </testcase>
        <testcase name="And user membuka halaman login" classname="login;user-kasir-login" time="0.000252979">
        </testcase>
        <testcase name="And user memasukkan username" classname="login;user-kasir-login" time="0.000132153">
        </testcase>
        <testcase name="And user memasukkan password" classname="login;user-kasir-login" time="0.000157829">
        </testcase>
        <testcase name="When user klik login" classname="login;user-kasir-login" time="0.000120449">
        </testcase>
        <testcase name="Then user masuk" classname="login;user-kasir-login" time="0.000243539">
        </testcase>
    </testsuite>
    <testsuite name="login-gagal;user-gagal-login" tests="6" failures="0" skipped="0">
        <properties>
            <property name="@success" value="true">
            </property>
            <property name="URI" value="D:/(( KULIAH ))/SEMESTER 8/(PMPL) Penjaminan Mutu Perangkat Lunak/Workshop()/features/loginFailed.feature">
            </property>
        </properties>
        <testcase name="Given gagal login" classname="login-gagal;user-gagal-login" time="0.000249203">
        </testcase>
        <testcase name="And membuka halaman login" classname="login-gagal;user-gagal-login" time="0.000575055">
        </testcase>
        <testcase name="And memasukkan username" classname="login-gagal;user-gagal-login" time="0.000346997">
        </testcase>
        <testcase name="And memasukkan password" classname="login-gagal;user-gagal-login" time="0.000189546">
        </testcase>
        <testcase name="When klik login" classname="login-gagal;user-gagal-login" time="0.000214844">
        </testcase>
        <testcase name="Then gagal masuk" classname="login-gagal;user-gagal-login" time="0.00034964">
        </testcase>
    </testsuite>
</testsuites>