<?xml version="1.0" encoding="UTF-8"?>
<testsuites>
    <testsuite name="login;user-kasir-login" tests="6" failures="0" skipped="0">
        <properties>
            <property name="@success" value="true">
            </property>
            <property name="URI" value="D:/(( KULIAH ))/SEMESTER 8/(PMPL) Penjaminan Mutu Perangkat Lunak/Workshop()/features/login.feature">
            </property>
        </properties>
        <testcase name="Given kasir login" classname="login;user-kasir-login" time="0.000412319">
        </testcase>
        <testcase name="And user membuka halaman login" classname="login;user-kasir-login" time="0.000761581">
        </testcase>
        <testcase name="And user memasukkan username" classname="login;user-kasir-login" time="0.000220507">
        </testcase>
        <testcase name="And user memasukkan password" classname="login;user-kasir-login" time="0.000246183">
        </testcase>
        <testcase name="When user klik login" classname="login;user-kasir-login" time="0.000271481">
        </testcase>
        <testcase name="Then user masuk" classname="login;user-kasir-login" time="0.00011705">
        </testcase>
    </testsuite>
</testsuites>